# JRE version: Java(TM) SE Runtime Environment (8.0_211-b12) (build 1.8.0_211-b12)
# Java VM: Java HotSpot(TM) 64-Bit Server VM (25.211-b12 mixed mode windows-amd64 compressed oops)
Heap:
 PSYoungGen      total 146432K, used 48861K [0x00000000f5580000, 0x0000000100000000, 0x0000000100000000)
  eden space 130560K, 25% used [0x00000000f5580000,0x00000000f75bedc8,0x00000000fd500000)
  from space 15872K, 99% used [0x00000000fd500000,0x00000000fe478700,0x00000000fe480000)
  to   space 22528K, 0% used [0x00000000fea00000,0x00000000fea00000,0x0000000100000000)
 ParOldGen       total 186368K, used 35798K [0x00000000e0000000, 0x00000000eb600000, 0x00000000f5580000)
  object space 186368K, 19% used [0x00000000e0000000,0x00000000e22f5810,0x00000000eb600000)
 Metaspace       used 66341K, capacity 68584K, committed 68736K, reserved 1107968K
  class space    used 9175K, capacity 9790K, committed 9856K, reserved 1048576K
GC Heap History (10 events):
Event: 21.529 GC heap before
{Heap before GC invocations=8 (full 2):
 PSYoungGen      total 160256K, used 8964K [0x00000000f5580000, 0x0000000100000000, 0x0000000100000000)
  eden space 145408K, 0% used [0x00000000f5580000,0x00000000f5580000,0x00000000fe380000)
  from space 14848K, 60% used [0x00000000ff180000,0x00000000ffa41270,0x0000000100000000)
  to   space 14336K, 0% used [0x00000000fe380000,0x00000000fe380000,0x00000000ff180000)
 ParOldGen       total 175104K, used 13511K [0x00000000e0000000, 0x00000000eab00000, 0x00000000f5580000)
  object space 175104K, 7% used [0x00000000e0000000,0x00000000e0d31d50,0x00000000eab00000)
 Metaspace       used 34567K, capacity 35358K, committed 35416K, reserved 1079296K
  class space    used 4879K, capacity 5106K, committed 5120K, reserved 1048576K
Event: 21.581 GC heap after
Heap after GC invocations=8 (full 2):
 PSYoungGen      total 160256K, used 0K [0x00000000f5580000, 0x0000000100000000, 0x0000000100000000)
  eden space 145408K, 0% used [0x00000000f5580000,0x00000000f5580000,0x00000000fe380000)
  from space 14848K, 0% used [0x00000000ff180000,0x00000000ff180000,0x0000000100000000)
  to   space 14336K, 0% used [0x00000000fe380000,0x00000000fe380000,0x00000000ff180000)
 ParOldGen       total 175104K, used 15983K [0x00000000e0000000, 0x00000000eab00000, 0x00000000f5580000)
  object space 175104K, 9% used [0x00000000e0000000,0x00000000e0f9bdd0,0x00000000eab00000)
 Metaspace       used 34560K, capacity 35334K, committed 35416K, reserved 1079296K
  class space    used 4877K, capacity 5102K, committed 5120K, reserved 1048576K
}
Event: 25.942 GC heap before
{Heap before GC invocations=9 (full 2):
 PSYoungGen      total 160256K, used 145408K [0x00000000f5580000, 0x0000000100000000, 0x0000000100000000)
  eden space 145408K, 100% used [0x00000000f5580000,0x00000000fe380000,0x00000000fe380000)
  from space 14848K, 0% used [0x00000000ff180000,0x00000000ff180000,0x0000000100000000)
  to   space 14336K, 0% used [0x00000000fe380000,0x00000000fe380000,0x00000000ff180000)
 ParOldGen       total 175104K, used 15983K [0x00000000e0000000, 0x00000000eab00000, 0x00000000f5580000)
  object space 175104K, 9% used [0x00000000e0000000,0x00000000e0f9bdd0,0x00000000eab00000)
 Metaspace       used 46341K, capacity 47654K, committed 47744K, reserved 1089536K
  class space    used 6385K, capacity 6768K, committed 6784K, reserved 1048576K
Event: 25.972 GC heap after
Heap after GC invocations=9 (full 2):
 PSYoungGen      total 159744K, used 14320K [0x00000000f5580000, 0x0000000100000000, 0x0000000100000000)
  eden space 145408K, 0% used [0x00000000f5580000,0x00000000f5580000,0x00000000fe380000)
  from space 14336K, 99% used [0x00000000fe380000,0x00000000ff17c318,0x00000000ff180000)
  to   space 14848K, 0% used [0x00000000ff180000,0x00000000ff180000,0x0000000100000000)
 ParOldGen       total 175104K, used 19671K [0x00000000e0000000, 0x00000000eab00000, 0x00000000f5580000)
  object space 175104K, 11% used [0x00000000e0000000,0x00000000e1335f00,0x00000000eab00000)
 Metaspace       used 46341K, capacity 47654K, committed 47744K, reserved 1089536K
  class space    used 6385K, capacity 6768K, committed 6784K, reserved 1048576K
}
Event: 33.077 GC heap before
{Heap before GC invocations=10 (full 2):
 PSYoungGen      total 159744K, used 138786K [0x00000000f5580000, 0x0000000100000000, 0x0000000100000000)
  eden space 145408K, 85% used [0x00000000f5580000,0x00000000fcf0c508,0x00000000fe380000)
  from space 14336K, 99% used [0x00000000fe380000,0x00000000ff17c318,0x00000000ff180000)
  to   space 14848K, 0% used [0x00000000ff180000,0x00000000ff180000,0x0000000100000000)
 ParOldGen       total 175104K, used 19671K [0x00000000e0000000, 0x00000000eab00000, 0x00000000f5580000)
  object space 175104K, 11% used [0x00000000e0000000,0x00000000e1335f00,0x00000000eab00000)
 Metaspace       used 57085K, capacity 58770K, committed 59008K, reserved 1099776K
  class space    used 7854K, capacity 8309K, committed 8320K, reserved 1048576K
Event: 33.096 GC heap after
Heap after GC invocations=10 (full 2):
 PSYoungGen      total 145408K, used 14829K [0x00000000f5580000, 0x0000000100000000, 0x0000000100000000)
  eden space 130560K, 0% used [0x00000000f5580000,0x00000000f5580000,0x00000000fd500000)
  from space 14848K, 99% used [0x00000000ff180000,0x00000000ffffb7a0,0x0000000100000000)
  to   space 22016K, 0% used [0x00000000fd500000,0x00000000fd500000,0x00000000fea80000)
 ParOldGen       total 175104K, used 26368K [0x00000000e0000000, 0x00000000eab00000, 0x00000000f5580000)
  object space 175104K, 15% used [0x00000000e0000000,0x00000000e19c03c0,0x00000000eab00000)
 Metaspace       used 57085K, capacity 58770K, committed 59008K, reserved 1099776K
  class space    used 7854K, capacity 8309K, committed 8320K, reserved 1048576K
}
Event: 33.096 GC heap before
{Heap before GC invocations=11 (full 3):
 PSYoungGen      total 145408K, used 14829K [0x00000000f5580000, 0x0000000100000000, 0x0000000100000000)
  eden space 130560K, 0% used [0x00000000f5580000,0x00000000f5580000,0x00000000fd500000)
  from space 14848K, 99% used [0x00000000ff180000,0x00000000ffffb7a0,0x0000000100000000)
  to   space 22016K, 0% used [0x00000000fd500000,0x00000000fd500000,0x00000000fea80000)
 ParOldGen       total 175104K, used 26368K [0x00000000e0000000, 0x00000000eab00000, 0x00000000f5580000)
  object space 175104K, 15% used [0x00000000e0000000,0x00000000e19c03c0,0x00000000eab00000)
 Metaspace       used 57085K, capacity 58770K, committed 59008K, reserved 1099776K
  class space    used 7854K, capacity 8309K, committed 8320K, reserved 1048576K
Event: 33.297 GC heap after
Heap after GC invocations=11 (full 3):
 PSYoungGen      total 145408K, used 0K [0x00000000f5580000, 0x0000000100000000, 0x0000000100000000)
  eden space 130560K, 0% used [0x00000000f5580000,0x00000000f5580000,0x00000000fd500000)
  from space 14848K, 0% used [0x00000000ff180000,0x00000000ff180000,0x0000000100000000)
  to   space 22016K, 0% used [0x00000000fd500000,0x00000000fd500000,0x00000000fea80000)
 ParOldGen       total 186368K, used 35790K [0x00000000e0000000, 0x00000000eb600000, 0x00000000f5580000)
  object space 186368K, 19% used [0x00000000e0000000,0x00000000e22f3810,0x00000000eb600000)
 Metaspace       used 57085K, capacity 58770K, committed 59008K, reserved 1099776K
  class space    used 7854K, capacity 8309K, committed 8320K, reserved 1048576K
}
Event: 35.872 GC heap before
{Heap before GC invocations=12 (full 3):
 PSYoungGen      total 145408K, used 130560K [0x00000000f5580000, 0x0000000100000000, 0x0000000100000000)
  eden space 130560K, 100% used [0x00000000f5580000,0x00000000fd500000,0x00000000fd500000)
  from space 14848K, 0% used [0x00000000ff180000,0x00000000ff180000,0x0000000100000000)
  to   space 22016K, 0% used [0x00000000fd500000,0x00000000fd500000,0x00000000fea80000)
 ParOldGen       total 186368K, used 35790K [0x00000000e0000000, 0x00000000eb600000, 0x00000000f5580000)
  object space 186368K, 19% used [0x00000000e0000000,0x00000000e22f3810,0x00000000eb600000)
 Metaspace       used 64840K, capacity 67008K, committed 67200K, reserved 1107968K
  class space    used 8983K, capacity 9550K, committed 9600K, reserved 1048576K
Event: 35.887 GC heap after
Heap after GC invocations=12 (full 3):
 PSYoungGen      total 146432K, used 15841K [0x00000000f5580000, 0x0000000100000000, 0x0000000100000000)
  eden space 130560K, 0% used [0x00000000f5580000,0x00000000f5580000,0x00000000fd500000)
  from space 15872K, 99% used [0x00000000fd500000,0x00000000fe478700,0x00000000fe480000)
  to   space 22528K, 0% used [0x00000000fea00000,0x00000000fea00000,0x0000000100000000)
 ParOldGen       total 186368K, used 35798K [0x00000000e0000000, 0x00000000eb600000, 0x00000000f5580000)
  object space 186368K, 19% used [0x00000000e0000000,0x00000000e22f5810,0x00000000eb600000)
 Metaspace       used 64840K, capacity 67008K, committed 67200K, reserved 1107968K
  class space    used 8983K, capacity 9550K, committed 9600K, reserved 1048576K
}

